1748551620000,1,1
1748551680000,1,1
1748551740000,1,1
1748551800000,1,1
1748551860000,1,1
1748551920000,1,1
1748551980000,1,1
1748552040000,1,1
1748552100000,1,1
1748552160000,1,1
1748552220000,1,1
1748552280000,1,1
1748552340000,1,1
1748552400000,1,1
1748552460000,1,1
1748552520000,1,1
1748552580000,1,1
1748552640000,1,1
1748552700000,1,1
1748552760000,1,1
1748552820000,1,1
1748552880000,1,1
1748552940000,1,1
1748553000000,1,1
1748553060000,1,1
1748553120000,1,1
1748553180000,1,1
1748553240000,1,1
1748553300000,1,1
1748553360000,1,1
1748553420000,1,1
1748553480000,1,1
1748553540000,1,1
1748553600000,1,1
1748553660000,1,1
1748553720000,1,1
1748553780000,1,1
1748553840000,1,1
1748553900000,1,1
1748553960000,1,1
1748554020000,1,1
1748554080000,1,1
1748554140000,1,1
1748554200000,1,1
1748554260000,1,1
1748554320000,1,1
1748554380000,1,1
1748554440000,1,1
1748554500000,1,1
1748554560000,1,1
1748554620000,1,1
1748554680000,1,1
1748554740000,1,1
1748554800000,1,1
1748554860000,1,1
1748554920000,1,1
1748554980000,1,1
1748555040000,1,1
1748555100000,1,1
1748555160000,1,1
1748555220000,1,1
1748555280000,1,1
1748555340000,1,1
1748555400000,1,1
1748555460000,1,1
1748555520000,1,1
1748555580000,1,1
1748555640000,1,1
1748555700000,1,1
1748555760000,1,1
1748555820000,1,1
1748555880000,1,1
1748555940000,1,1
1748556000000,1,1
1748556060000,1,1
1748556120000,1,1
1748556180000,1,1
1748556240000,1,1
1748556300000,1,1
1748556360000,1,1
1748556420000,1,1
1748556480000,1,1
1748556540000,1,1
1748556600000,1,1
1748556660000,1,1
1748556720000,1,1
1748556780000,1,1
1748556840000,1,1
1748556900000,1,1
1748556960000,1,1
1748557020000,1,1
1748557080000,1,1
1748557140000,1,1
1748557200000,1,1
1748557260000,1,1
1748557320000,1,1
1748557380000,1,1
1748557440000,1,1
1748557500000,1,1
1748557560000,1,1
1748557620000,1,1
1748557680000,1,1
1748557740000,1,1
1748557800000,1,1
1748557860000,1,1
1748557920000,1,1
1748557980000,1,1
1748558040000,1,1
1748558100000,1,1
1748558160000,1,1
1748558220000,1,1
1748558280000,1,1
1748558340000,1,1
1748558400000,1,1
1748558460000,1,1
1748558520000,1,1
1748558580000,1,1
1748558640000,1,1
1748558700000,1,1
1748558760000,1,1
1748558820000,1,1
1748558880000,1,1
1748558940000,1,1
1748559000000,1,1
1748559060000,1,1
1748559120000,1,1
1748559180000,1,1
1748559240000,1,1
1748559300000,1,1
1748559360000,1,1
1748559420000,1,1
1748559480000,1,1
1748559540000,1,1
1748559600000,1,1
1748559660000,1,1
1748559720000,1,1
1748559780000,1,1
1748559840000,1,1
1748559900000,1,1
1748559960000,1,1
1748560020000,1,1
1748560080000,1,1
1748560140000,1,1
1748560200000,1,1
1748560260000,1,1
1748560320000,1,1
1748560380000,1,1
1748560440000,1,1
1748560500000,1,1
1748560560000,1,1
1748560620000,1,1
1748560680000,1,1
1748560740000,1,1
1748560800000,1,1
1748560860000,1,1
1748560920000,1,1
1748560980000,1,1
1748561040000,1,1
1748561100000,1,1
1748561160000,1,1
1748561220000,1,1
1748561280000,1,1
1748561340000,1,1
1748561400000,1,1
1748561460000,1,1
1748561520000,1,1
1748561580000,1,1
1748561640000,1,1
1748561700000,1,1
1748561760000,1,1
1748561820000,1,1
1748561880000,1,1
1748561940000,1,1
1748562000000,1,1
1748562060000,1,1
1748562120000,1,1
1748562180000,1,1
1748562240000,1,1
1748562300000,1,1
1748562360000,1,1
1748562420000,1,1
1748562480000,1,1
1748562540000,1,1
1748562600000,1,1
1748562660000,1,1
1748562720000,1,1
1748562780000,1,1
1748562840000,1,1
1748562900000,1,1
1748562960000,1,1
1748563020000,1,1
1748563080000,1,1
1748563140000,1,1
1748563200000,1,1
1748563260000,1,1
1748563320000,1,1
1748563380000,1,1
1748563440000,1,1
1748563500000,1,1
1748563560000,1,1
1748563620000,1,1
1748563680000,1,1
1748563740000,1,1
1748563800000,1,1
1748563860000,1,1
1748563920000,1,1
1748563980000,1,1
1748564040000,1,1
1748564100000,1,1
1748564160000,1,1
1748564220000,1,1
1748564280000,1,1
1748564340000,1,1
1748564400000,1,1
1748564460000,1,1
1748564520000,1,1
1748564580000,1,1
1748564640000,1,1
1748564700000,1,1
1748564760000,1,1
1748564820000,1,1
1748564880000,1,1
1748564940000,1,1
1748565000000,1,1
1748565060000,1,1
1748565120000,1,1
1748565180000,1,1
1748565240000,1,1
1748565300000,1,1
1748565360000,1,1
1748565420000,1,1
1748565480000,1,1
1748565540000,1,1
1748565600000,1,1
1748565660000,1,1
1748565720000,1,1
1748565780000,1,1
1748565840000,1,1
1748565900000,1,1
1748565960000,1,1
1748566020000,1,1
1748566080000,1,1
1748566140000,1,1
1748566200000,1,1
1748566260000,1,1
1748566320000,1,1
1748566380000,1,1
1748566440000,1,1
1748566500000,1,1
1748566560000,1,1
1748566620000,1,1
1748566680000,1,1
1748566740000,1,1
1748566800000,1,1
1748566860000,1,1
1748566920000,1,1
1748566980000,1,1
1748567040000,1,1
1748567100000,1,1
1748567160000,1,1
1748567220000,1,1
1748567280000,1,1
1748567340000,1,1
1748567400000,1,1
1748567460000,1,1
1748567520000,1,1
1748567580000,1,1
1748567640000,1,1
1748567700000,1,1
1748567760000,1,1
1748567820000,1,1
1748567880000,1,1
1748567940000,1,1
1748568000000,1,1
1748568060000,1,1
1748568120000,1,1
1748568180000,1,1
1748568240000,1,1
1748568300000,1,1
1748568360000,1,1
1748568420000,1,1
1748568480000,1,1
1748568540000,1,1
1748568600000,1,1
1748568660000,1,1
1748568720000,1,1
1748568780000,1,1
1748568840000,1,1
1748568900000,1,1
1748568960000,1,1
1748569020000,1,1
1748569080000,1,1
1748569140000,1,1
1748569200000,1,1
1748569260000,1,1
1748569320000,1,1
1748569380000,1,1
1748569440000,1,1
1748569500000,1,1
1748569560000,1,1
1748569620000,1,1
1748569680000,1,1
1748569740000,1,1
1748569800000,1,1
1748569860000,1,1
1748569920000,1,1
1748569980000,1,1
1748570040000,1,1
1748570100000,1,1
1748570160000,1,1
1748570220000,1,1
1748570280000,1,1
1748570340000,1,1
1748570400000,1,1
1748570460000,1,1
1748570520000,1,1
1748570580000,1,1
1748570640000,1,1
1748570700000,1,1
1748570760000,1,1
1748570820000,1,1
1748570880000,1,1
1748570940000,1,1
1748571000000,1,1
1748571060000,1,1
1748571120000,1,1
1748571180000,1,1
1748571240000,1,1
1748571300000,1,1
1748571360000,1,1
1748571420000,1,1
1748571480000,1,1
1748571540000,1,1
1748571600000,1,1
1748571660000,1,1
1748571720000,1,1
1748571780000,1,1
1748571840000,1,1
1748571900000,1,1
1748571960000,1,1
1748572020000,1,1
1748572080000,1,1
1748572140000,1,1
1748572200000,1,1
1748572260000,1,1
1748572320000,1,1
1748572380000,1,1
1748572440000,1,1
1748572500000,1,1
1748572560000,1,1
1748572620000,1,1
1748572680000,1,1
1748572740000,1,1
1748572800000,1,1
1748572860000,1,1
1748572920000,1,1
1748572980000,1,1
1748573040000,1,1
1748573100000,1,1
1748573160000,1,1
1748573220000,1,1
1748573280000,1,1
1748573340000,1,1
1748573400000,1,1
1748573460000,1,1
1748573520000,1,1
1748573580000,1,1
1748573640000,1,1
1748573700000,1,1
1748573760000,1,1
1748573820000,1,1
1748573880000,1,1
1748573940000,1,1
1748574000000,1,1
1748574060000,1,1
1748574120000,1,1
1748574180000,1,1
1748574240000,1,1
1748574300000,1,1
1748574360000,1,1
1748574420000,1,1
1748574480000,1,1
1748574540000,1,1
1748574600000,1,1
1748574660000,1,1
1748574720000,1,1
1748574780000,1,1
1748574840000,1,1
1748574900000,1,1
1748574960000,1,1
1748575020000,1,1
1748575080000,1,1
1748575140000,1,1
1748575200000,1,1
1748575260000,1,1
1748575320000,1,1
1748575380000,1,1
1748575440000,1,1
1748575500000,1,1
1748575560000,1,1
1748575620000,1,1
1748575680000,1,1
1748575740000,1,1
1748575800000,1,1
1748575860000,1,1
1748575920000,1,1
1748575980000,1,1
1748576040000,1,1
1748576100000,1,1
1748576160000,1,1
1748576220000,1,1
1748576280000,1,1
1748576340000,1,1
1748576400000,1,1
1748576460000,1,1
1748576520000,1,1
1748576580000,1,1
1748576640000,1,1
1748576700000,1,1
1748576760000,1,1
1748576820000,1,1
1748576880000,1,1
1748576940000,1,1
1748577000000,1,1
1748577060000,1,1
1748577120000,1,1
1748577180000,1,1
1748577240000,1,1
1748577300000,1,1
1748577360000,1,1
1748577420000,1,1
1748577480000,1,1
1748577540000,1,1
1748577600000,1,1
1748577660000,1,1
1748577720000,1,1
1748577780000,1,1
1748577840000,1,1
1748577900000,1,1
1748577960000,1,1
1748578020000,1,1
1748578080000,1,1
1748578140000,1,1
1748578200000,1,1
1748578260000,1,1
1748578320000,1,1
1748578380000,1,1
1748578440000,1,1
1748578500000,1,1
1748578560000,1,1
1748578620000,1,1
1748578680000,1,1
1748578740000,1,1
1748578800000,1,1
1748578860000,1,1
1748578920000,1,1
1748578980000,1,1
1748579040000,1,1
1748579100000,1,1
1748579160000,1,1
1748579220000,1,1
1748579280000,1,1
1748579340000,1,1
1748579400000,1,1
1748579460000,1,1
1748579520000,1,1
1748579580000,1,1
1748579640000,1,1
1748579700000,1,1
1748579760000,1,1
1748579820000,1,1
1748579880000,1,1
1748579940000,1,1
1748580000000,1,1
1748580060000,1,1
1748580120000,1,1
1748580180000,1,1
1748580240000,1,1
1748580300000,1,1
1748580360000,1,1
1748580420000,1,1
1748580480000,1,1
1748580540000,1,1
1748580600000,1,1
1748580660000,1,1
1748580720000,1,1
1748580780000,1,1
1748580840000,1,1
1748580900000,1,1
1748580960000,1,1
1748581020000,1,1
1748581080000,1,1
1748581140000,1,1
1748581200000,1,1
1748581260000,1,1
1748581320000,1,1
1748581380000,1,1
1748581440000,1,1
1748581500000,1,1
1748581560000,1,1
1748581620000,1,1
1748581680000,1,1
1748581740000,1,1
1748581800000,1,1
1748581860000,1,1
1748581920000,1,1
1748581980000,1,1
1748582040000,1,1
1748582100000,1,1
1748582160000,1,1
1748582220000,1,1
1748582280000,1,1
1748582340000,1,1
1748582400000,1,1
1748582460000,1,1
1748582520000,1,1
1748582580000,1,1
1748582640000,1,1
1748582700000,1,1
1748582760000,1,1
1748582820000,1,1
1748582880000,1,1
1748582940000,1,1
1748583000000,1,1
1748583060000,1,1
1748583120000,1,1
1748583180000,1,1
1748583240000,1,1
1748583300000,1,1
1748583360000,1,1
1748583420000,1,1
1748583480000,1,1
1748583540000,1,1
1748583600000,1,1
1748583660000,1,1
1748583720000,1,1
1748583780000,1,1
1748583840000,1,1
1748583900000,1,1
1748583960000,1,1
1748584020000,1,1
1748584080000,1,1
1748584140000,1,1
1748584200000,1,1
1748584260000,1,1
1748584320000,1,1
1748584380000,1,1
1748584440000,1,1
1748584500000,1,1
1748584560000,1,1
1748584620000,1,1
1748584680000,1,1
1748584740000,1,1
1748584800000,1,1
1748584860000,1,1
1748584920000,1,1
1748584980000,1,1
1748585040000,1,1
1748585100000,1,1
1748585160000,1,1
1748585220000,1,1
1748585280000,1,1
1748585340000,1,1
1748585400000,1,1
1748585460000,1,1
1748585520000,1,1
1748585580000,1,1
1748585640000,1,1
1748585700000,1,1
1748585760000,1,1
1748585820000,1,1
1748585880000,1,1
1748585940000,1,1
1748586000000,1,1
1748586060000,1,1
1748586120000,1,1
1748586180000,1,1
1748586240000,1,1
1748586300000,1,1
1748586360000,1,1
1748586420000,1,1
1748586480000,1,1
1748586540000,1,1
1748586600000,1,1
1748586660000,1,1
1748586720000,1,1
1748586780000,1,1
1748586840000,1,1
1748586900000,1,1
1748586960000,1,1
1748587020000,1,1
1748587080000,1,1
1748587140000,1,1
1748587200000,1,1
1748587260000,1,1
1748587320000,1,1
1748587380000,1,1
1748587440000,1,1
1748587500000,1,1
1748587560000,1,1
1748587620000,1,1
1748587680000,1,1
1748587740000,1,1
1748587800000,1,1
1748587860000,1,1
1748587920000,1,1
1748587980000,1,1
1748588040000,1,1
1748588100000,1,1
1748588160000,1,1
1748588220000,1,1
1748588280000,1,1
1748588340000,1,1
1748588400000,1,1
1748588460000,1,1
1748588520000,1,1
1748588580000,1,1
1748588640000,1,1
1748588700000,1,1
1748588760000,1,1
1748588820000,1,1
1748588880000,1,1
1748588940000,1,1
1748589000000,1,1
1748589060000,1,1
1748589120000,1,1
1748589180000,1,1
1748589240000,1,1
1748589300000,1,1
1748589360000,1,1
1748589420000,1,1
1748589480000,1,1
1748589540000,1,1
1748589600000,1,1
1748589660000,1,1
1748589720000,1,1
1748589780000,1,1
1748589840000,1,1
1748589900000,1,1
1748589960000,1,1
1748590020000,1,1
1748590080000,1,1
1748590140000,1,1
1748590200000,1,1
1748590260000,1,1
1748590320000,1,1
1748590380000,1,1
1748590440000,1,1
1748590500000,1,1
1748590560000,1,1
1748590620000,1,1
1748590680000,1,1
1748590740000,1,1
1748590800000,1,1
1748590860000,1,1
1748590920000,1,1
1748590980000,1,1
1748591040000,1,1
1748591100000,1,1
1748591160000,1,1
1748591220000,1,1
1748591280000,1,1
1748591340000,1,1
1748591400000,1,1
1748591460000,1,1
1748591520000,1,1
1748591580000,1,1
1748591640000,1,1
1748591700000,1,1
1748591760000,1,1
1748591820000,1,1
1748591880000,1,1
1748591940000,1,1
1748592000000,1,1
1748592060000,1,1
1748592120000,1,1
1748592180000,1,1
1748592240000,1,1
1748592300000,1,1
1748592360000,1,1
1748592420000,1,1
1748592480000,1,1
1748592540000,1,1
1748592600000,1,1
1748592660000,1,1
1748592720000,1,1
1748592780000,1,1
1748592840000,1,1
1748592900000,1,1
1748592960000,1,1
1748593020000,1,1
1748593080000,1,1
1748593140000,1,1
1748593200000,1,1
1748593260000,1,1
1748593320000,1,1
1748593380000,1,1
1748593440000,1,1
1748593500000,1,1
1748593560000,1,1
1748593620000,1,1
1748593680000,1,1
1748593740000,1,1
1748593800000,1,1
1748593860000,1,1
1748593920000,1,1
1748593980000,1,1
1748594040000,1,1
1748594100000,1,1
1748594160000,1,1
1748594220000,1,1
1748594280000,1,1
1748594340000,1,1
1748594400000,1,1
1748594460000,1,1
1748594520000,1,1
1748594580000,1,1
1748594640000,1,1
1748594700000,1,1
1748594760000,1,1
1748594820000,1,1
1748594880000,1,1
1748594940000,1,1
1748595000000,1,1
1748595060000,1,1
1748595120000,1,1
1748595180000,1,1
1748595240000,1,1
1748595300000,1,1
1748595360000,1,1
1748595420000,1,1
1748595480000,1,1
1748595540000,1,1
1748595600000,1,1
1748595660000,1,1
1748595720000,1,1
1748595780000,1,1
1748595840000,1,1
1748595900000,1,1
1748595960000,1,1
1748596020000,1,1
1748596080000,1,1
1748596140000,1,1
1748596200000,1,1
1748596260000,1,1
1748596320000,1,1
1748596380000,1,1
1748596440000,1,1
1748596500000,1,1
1748596560000,1,1
1748596620000,1,1
1748596680000,1,1
1748596740000,1,1
1748596800000,1,1
1748596860000,1,1
1748596920000,1,1
1748596980000,1,1
1748597040000,1,1
1748597100000,1,1
1748597160000,1,1
1748597220000,1,1
1748597280000,1,1
1748597340000,1,1
1748597400000,1,1
1748597460000,1,1
1748597520000,1,1
1748597580000,1,1
1748597640000,1,1
1748597700000,1,1
1748597760000,1,1
1748597820000,1,1
1748597880000,1,1
1748597940000,1,1
1748598000000,1,1
1748598060000,1,1
1748598120000,1,1
1748598180000,1,1
1748598240000,1,1
1748598300000,1,1
1748598360000,1,1
1748598420000,1,1
1748598480000,1,1
1748598540000,1,1
1748598600000,1,1
1748598660000,1,1
1748598720000,1,1
1748598780000,1,1
1748598840000,1,1
1748598900000,1,1
1748598960000,1,1
1748599020000,1,1
1748599080000,1,1
1748599140000,1,1
1748599200000,1,1
1748599260000,1,1
1748599320000,1,1
1748599380000,1,1
1748599440000,1,1
1748599500000,1,1
1748599560000,1,1
1748599620000,1,1
1748599680000,1,1
1748599740000,1,1
1748599800000,1,1
1748599860000,1,1
1748599920000,1,1
1748599980000,1,1
1748600040000,1,1
1748600100000,1,1
1748600160000,1,1
1748600220000,1,1
1748600280000,1,1
1748600340000,1,1
1748600400000,1,1
1748600460000,1,1
1748600520000,1,1
1748600580000,1,1
1748600640000,1,1
1748600700000,1,1
1748600760000,1,1
1748600820000,1,1
1748600880000,1,1
1748600940000,1,1
1748601000000,1,1
1748601060000,1,1
1748601120000,1,1
1748601180000,1,1
1748601240000,1,1
1748601300000,1,1
1748601360000,1,1
1748601420000,1,1
1748601480000,1,1
1748601540000,1,1
1748601600000,1,1
1748601660000,1,1
1748601720000,1,1
1748601780000,1,1
1748601840000,1,1
1748601900000,1,1
1748601960000,1,1
1748602020000,1,1
1748602080000,1,1
1748602140000,1,1
1748602200000,1,1
1748602260000,1,1
1748602320000,1,1
1748602380000,1,1
1748602440000,1,1
1748602500000,1,1
1748602560000,1,1
1748602620000,1,1
1748602680000,1,1
1748602740000,1,1
1748602800000,1,1
1748602860000,1,1
1748602920000,1,1
1748602980000,1,1
1748603040000,1,1
1748603100000,1,1
1748603160000,1,1
1748603220000,1,1
1748603280000,1,1
1748603340000,1,1
1748603400000,1,1
1748603460000,1,1
1748603520000,1,1
1748603580000,1,1
1748603640000,1,1
1748603700000,1,1
1748603760000,1,1
1748603820000,1,1
1748603880000,1,1
1748603940000,1,1
1748604000000,1,1
1748604060000,1,1
1748604120000,1,1
1748604180000,1,1
1748604240000,1,1
1748604300000,1,1
1748604360000,1,1
1748604420000,1,1
1748604480000,1,1
1748604540000,1,1
1748604600000,1,1
1748604660000,1,1
1748604720000,1,1
1748604780000,1,1
1748604840000,1,1
1748604900000,1,1
1748604960000,1,1
1748605020000,1,1
1748605080000,1,1
1748605140000,1,1
1748605200000,1,1
1748605260000,1,1
1748605320000,1,1
1748605380000,1,1
1748605440000,1,1
1748605500000,1,1
1748605560000,1,1
1748605620000,1,1
1748605680000,1,1
1748605740000,1,1
1748605800000,1,1
1748605860000,1,1
1748605920000,1,1
1748605980000,1,1
1748606040000,1,1
1748606100000,1,1
1748606160000,1,1
1748606220000,1,1
1748606280000,1,1
1748606340000,1,1
1748606400000,1,1
1748606460000,1,1
1748606520000,1,1
1748606580000,1,1
1748606640000,1,1
1748606700000,1,1
1748606760000,1,1
1748606820000,1,1
1748606880000,1,1
1748606940000,1,1
1748607000000,1,1
1748607060000,1,1
1748607120000,1,1
1748607180000,1,1
1748607240000,1,1
1748607300000,1,1
1748607360000,1,1
1748607420000,1,1
1748607480000,1,1
1748607540000,1,1
1748607600000,1,1
1748607660000,1,1
1748607720000,1,1
1748607780000,1,1
1748607840000,1,1
1748607900000,1,1
1748607960000,1,1
1748608020000,1,1
1748608080000,1,1
1748608140000,1,1
1748608200000,1,1
1748608260000,1,1
1748608320000,1,1
1748608380000,1,1
1748608440000,1,1
1748608500000,1,1
1748608560000,1,1
1748608620000,1,1
1748608680000,1,1
1748608740000,1,1
1748608800000,1,1
1748608860000,1,1
1748608920000,1,1
1748608980000,1,1
1748609040000,1,1
1748609100000,1,1
1748609160000,1,1
1748609220000,1,1
1748609280000,1,1
1748609340000,1,1
1748609400000,1,1
1748609460000,1,1
1748609520000,1,1
1748609580000,1,1
1748609640000,1,1
1748609700000,1,1
1748609760000,1,1
1748609820000,1,1
1748609880000,1,1
1748609940000,1,1
1748610000000,1,1
1748610060000,1,1
1748610120000,1,1
1748610180000,1,1
1748610240000,1,1
1748610300000,1,1
1748610360000,1,1
1748610420000,1,1
1748610480000,1,1
1748610540000,1,1
1748610600000,1,1
1748610660000,1,1
1748610720000,1,1
1748610780000,1,1
1748610840000,1,1
1748610900000,1,1
1748610960000,1,1
1748611020000,1,1
1748611080000,1,1
1748611140000,1,1
1748611200000,1,1
1748611260000,1,1
1748611320000,1,1
1748611380000,1,1
1748611440000,1,1
1748611500000,1,1
1748611560000,1,1
1748611620000,1,1
1748611680000,1,1
1748611740000,1,1
1748611800000,1,1
1748611860000,1,1
1748611920000,1,1
1748611980000,1,1
1748612040000,1,1
1748612100000,1,1
1748612160000,1,1
1748612220000,1,1
1748612280000,1,1
1748612340000,1,1
1748612400000,1,1
1748612460000,1,1
1748612520000,1,1
1748612580000,1,1
1748612640000,1,1
1748612700000,1,1
1748612760000,1,1
1748612820000,1,1
1748612880000,1,1
1748612940000,1,1
1748613000000,1,1
1748613060000,1,1
1748613120000,1,1
1748613180000,1,1
1748613240000,1,1
1748613300000,1,1
1748613360000,1,1
1748613420000,1,1
1748613480000,1,1
1748613540000,1,1
1748613600000,1,1
1748613660000,1,1
1748613720000,1,1
1748613780000,1,1
1748613840000,1,1
1748613900000,1,1
1748613960000,1,1
1748614020000,1,1
1748614080000,1,1
1748614140000,1,1
1748614200000,1,1
1748614260000,1,1
1748614320000,1,1
1748614380000,1,1
1748614440000,1,1
1748614500000,1,1
1748614560000,1,1
1748614620000,1,1
1748614680000,1,1
1748614740000,1,1
1748614800000,1,1
1748614860000,1,1
1748614920000,1,1
1748614980000,1,1
1748615040000,1,1
1748615100000,1,1
1748615160000,1,1
1748615220000,1,1
1748615280000,1,1
1748615340000,1,1
1748615400000,1,1
1748615460000,1,1
1748615520000,1,1
1748615580000,1,1
1748615640000,1,1
1748615700000,1,1
1748615760000,1,1
1748615820000,1,1
1748615880000,1,1
1748615940000,1,1
1748616000000,1,1
1748616060000,1,1
1748616120000,1,1
1748616180000,1,1
1748616240000,1,1
1748616300000,1,1
1748616360000,1,1
1748616420000,1,1
1748616480000,1,1
1748616540000,1,1
1748616600000,1,1
1748616660000,1,1
1748616720000,1,1
1748616780000,1,1
1748616840000,1,1
1748616900000,1,1
1748616960000,1,1
1748617020000,1,1
1748617080000,1,1
1748617140000,1,1
1748617200000,1,1
1748617260000,1,1
1748617320000,1,1
1748617380000,1,1
1748617440000,1,1
1748617500000,1,1
1748617560000,1,1
1748617620000,1,1
1748617680000,1,1
1748617740000,1,1
1748617800000,1,1
1748617860000,1,1
1748617920000,1,1
1748617980000,1,1
1748618040000,1,1
1748618100000,1,1
1748618160000,1,1
1748618220000,1,1
1748618280000,1,1
1748618340000,1,1
1748618400000,1,1
1748618460000,1,1
1748618520000,1,1
1748618580000,1,1
1748618640000,1,1
1748618700000,1,1
1748618760000,1,1
1748618820000,1,1
1748618880000,1,1
1748618940000,1,1
1748619000000,1,1
1748619060000,1,1
1748619120000,1,1
1748619180000,1,1
1748619240000,1,1
1748619300000,1,1
1748619360000,1,1
1748619420000,1,1
1748619480000,1,1
1748619540000,1,1
1748619600000,1,1
1748619660000,1,1
1748619720000,1,1
1748619780000,1,1
1748619840000,1,1
1748619900000,1,1
1748619960000,1,1
1748620020000,1,1
1748620080000,1,1
1748620140000,1,1
1748620200000,1,1
1748620260000,1,1
1748620320000,1,1
1748620380000,1,1
1748620440000,1,1
1748620500000,1,1
1748620560000,1,1
1748620620000,1,1
1748620680000,1,1
1748620740000,1,1
1748620800000,1,1
1748620860000,1,1
1748620920000,1,1
1748620980000,1,1
1748621040000,1,1
1748621100000,1,1
1748621160000,1,1
1748621220000,1,1
1748621280000,1,1
1748621340000,1,1
1748621400000,1,1
1748621460000,1,1
1748621520000,1,1
1748621580000,1,1
1748621640000,1,1
1748621700000,1,1
1748621760000,1,1
1748621820000,1,1
1748621880000,1,1
1748621940000,1,1
1748622000000,1,1
1748622060000,1,1
1748622120000,1,1
1748622180000,1,1
1748622240000,1,1
1748622300000,1,1
1748622360000,1,1
1748622420000,1,1
1748622480000,1,1
1748622540000,1,1
1748622600000,1,1
1748622660000,1,1
1748622720000,1,1
1748622780000,1,1
1748622840000,1,1
1748622900000,1,1
1748622960000,1,1
1748623020000,1,1
1748623080000,1,1
1748623140000,1,1
1748623200000,1,1
1748623260000,1,1
1748623320000,1,1
1748623380000,1,1
1748623440000,1,1
1748623500000,1,1
1748623560000,1,1
1748623620000,1,1
1748623680000,1,1
1748623740000,1,1
1748623800000,1,1
1748623860000,1,1
1748623920000,1,1
1748623980000,1,1
1748624040000,1,1
1748624100000,1,1
1748624160000,1,1
1748624220000,1,1
1748624280000,1,1
1748624340000,1,1
1748624400000,1,1
1748624460000,1,1
1748624520000,1,1
1748624580000,1,1
1748624640000,1,1
1748624700000,1,1
1748624760000,1,1
1748624820000,1,1
1748624880000,1,1
1748624940000,1,1
1748625000000,1,1
1748625060000,1,1
1748625120000,1,1
1748625180000,1,1
1748625240000,1,1
1748625300000,1,1
1748625360000,1,1
1748625420000,1,1
1748625480000,1,1
1748625540000,1,1
1748625600000,1,1
1748625660000,1,1
1748625720000,1,1
1748625780000,1,1
1748625840000,1,1
1748625900000,1,1
1748625960000,1,1
1748626020000,1,1
1748626080000,1,1
1748626140000,1,1
1748626200000,1,1
1748626260000,1,1
1748626320000,1,1
1748626380000,1,1
1748626440000,1,1
1748626500000,1,1
1748626560000,1,1
1748626620000,1,1
1748626680000,1,1
1748626740000,1,1
1748626800000,1,1
1748626860000,1,1
1748626920000,1,1
1748626980000,1,1
1748627040000,1,1
1748627100000,1,1
1748627160000,1,1
1748627220000,1,1
1748627280000,1,1
1748627340000,1,1
1748627400000,1,1
1748627460000,1,1
1748627520000,1,1
1748627580000,1,1
1748627640000,1,1
1748627700000,1,1
1748627760000,1,1
1748627820000,1,1
1748627880000,1,1
1748627940000,1,1
1748628000000,1,1
1748628060000,1,1
1748628120000,1,1
1748628180000,1,1
1748628240000,1,1
1748628300000,1,1
1748628360000,1,1
1748628420000,1,1
1748628480000,1,1
1748628540000,1,1
1748628600000,1,1
1748628660000,1,1
1748628720000,1,1
1748628780000,1,1
1748628840000,1,1
1748628900000,1,1
1748628960000,1,1
1748629020000,1,1
1748629080000,1,1
1748629140000,1,1
1748629200000,1,1
1748629260000,1,1
1748629320000,1,1
1748629380000,1,1
1748629440000,1,1
1748629500000,1,1
1748629560000,1,1
1748629620000,1,1
1748629680000,1,1
1748629740000,1,1
1748629800000,1,1
1748629860000,1,1
1748629920000,1,1
1748629980000,1,1
1748630040000,1,1
1748630100000,1,1
1748630160000,1,1
1748630220000,1,1
1748630280000,1,1
1748630340000,1,1
1748630400000,1,1
1748630460000,1,1
1748630520000,1,1
1748630580000,1,1
1748630640000,1,1
1748630700000,1,1
1748630760000,1,1
1748630820000,1,1
1748630880000,1,1
1748630940000,1,1
1748631000000,1,1
1748631060000,1,1
1748631120000,1,1
1748631180000,1,1
1748631240000,1,1
1748631300000,1,1
1748631360000,1,1
1748631420000,1,1
1748631480000,1,1
1748631540000,1,1
1748631600000,1,1
1748631660000,1,1
1748631720000,1,1
1748631780000,1,1
1748631840000,1,1
1748631900000,1,1
1748631960000,1,1
1748632020000,1,1
1748632080000,1,1
1748632140000,1,1
